[2025-10-22 08:38:14.618] [info] Using configuration file /home/kia/.config/waybar/config.jsonc
[2025-10-22 08:38:14.620] [info] Unable to receive desktop appearance: GDBus.Error:org.freedesktop.DBus.Error.UnknownMethod: No such interface “org.freedesktop.portal.Settings” on object at path /org/freedesktop/portal/desktop
[2025-10-22 08:38:14.620] [info] Using CSS file /home/kia/.config/waybar/style.css
[2025-10-22 08:38:14.625] [info] Hyprland IPC starting
[2025-10-22 08:38:14.625] [info] Loading persistent workspaces from Hyprland workspace rules
[2025-10-22 08:38:14.642] [info] Bar configured (width: 1280, height: 48) for output: Virtual-1
[2025-10-22 08:40:11.014] [info] Hyprland config reloaded, reinitializing hyprland/workspaces module...
[2025-10-22 08:40:11.040] [info] Loading persistent workspaces from Hyprland workspace rules
[2025-10-22 08:40:19.697] [info] Hyprland config reloaded, reinitializing hyprland/workspaces module...
[2025-10-22 08:40:19.701] [info] Loading persistent workspaces from Hyprland workspace rules
Fontconfig warning: using without calling FcInit()
Fontconfig warning: using without calling FcInit()
Fontconfig warning: using without calling FcInit()
ok
Fontconfig warning: using without calling FcInit()
[2025-10-22 21:28:08.826] [info] Hyprland config reloaded, reinitializing hyprland/workspaces module...
[2025-10-22 21:28:08.843] [info] Loading persistent workspaces from Hyprland workspace rules
Fontconfig warning: using without calling FcInit()
sh: line 1: activate: command not found
sh: line 1: activate: command not found
