[LOG] Welcome to hyprpaper!
built from commit  ()
[LOG] Cleaned old hyprpaper preloads (1), removing 4.1MB
[LOG] Preloaded target /home/kia/.config/backgrounds/nice-blue-background.png in 166.96ms -> Pixel size: [3904, 2240]
[LOG] Buffer created for target /home/kia/.config/backgrounds/nice-blue-background.png, Shared Memory usage: 4.1MB
[LOG] Total SM usage for all buffers: 4.1MB
[WARN] Monitor Virtual-1 does not have a target! A wallpaper will not be created.
[LOG] hyprpaper socket started at /run/user/1000/hypr/9958d297641b5c84dcff93f9039d80a5ad37ab00_1759639325_43505356/.hyprpaper.sock (fd: 6)
[LOG] Welcome to hyprpaper!
built from commit  ()
[LOG] Cleaned old hyprpaper preloads (1), removing 4.1MB
[LOG] Preloaded target /home/kia/.config/backgrounds/nice-blue-background.png in 162.32ms -> Pixel size: [3904, 2240]
[LOG] Buffer created for target /home/kia/.config/backgrounds/nice-blue-background.png, Shared Memory usage: 4.1MB
[LOG] Total SM usage for all buffers: 4.1MB
[LOG] hyprpaper socket started at /run/user/1000/hypr/9958d297641b5c84dcff93f9039d80a5ad37ab00_1759639325_43505356/.hyprpaper.sock (fd: 6)
[LOG] configure for Virtual-1
[LOG] configure for Virtual-1
[LOG] Image data for Virtual-1: /home/kia/.config/backgrounds/nice-blue-background.png at [-160.00, 0.00], scale: 0.36 (original image size: [3904, 2240])
[LOG] Submitting viewport dest size 1280x800 for aaab0f8184a0
[LOG] handlePreferredScale: 1.00 for aaab0f8184a0
